<?xml version="1.0" encoding="UTF-8"?>
<!-- Generated by org.testng.reporters.JUnitReportReporter -->
<testsuite hostname="sanil-Inspiron-5575" failures="0" tests="1" name="com.naveenautomation.tests.AccountLoginTest"
           time="6.593" errors="0" timestamp="28 Dec. 2022 10:45:38 GMT" skipped="0">
    <testcase classname="com.naveenautomation.tests.AccountLoginTest" name="verifyLogin" time="6.593"/>
</testsuite> <!-- com.naveenautomation.tests.AccountLoginTest -->
