<?xml version="1.0" encoding="UTF-8"?>
<!-- Generated by org.testng.reporters.JUnitReportReporter -->
<testsuite hostname="sanil-Inspiron-5575" failures="0" tests="1" name="com.naveenautomation.tests.AccountLogoutTest"
           time="11.490" errors="0" timestamp="28 Dec. 2022 11:08:20 GMT" skipped="0">
    <testcase classname="com.naveenautomation.tests.AccountLogoutTest" name="verifyLogin" time="11.490"/>
</testsuite> <!-- com.naveenautomation.tests.AccountLogoutTest -->
