<?xml version="1.0" encoding="UTF-8"?>
<!-- Generated by org.testng.reporters.JUnitReportReporter -->
<testsuite hostname="sanil-Inspiron-5575" failures="0" tests="1"
           name="com.naveenautomation.tests.NewsletterSubscribtionTest" time="8.888" errors="0"
           timestamp="28 Dec. 2022 11:55:16 GMT" skipped="0">
    <testcase classname="com.naveenautomation.tests.NewsletterSubscribtionTest"
              name="VerifyUserIsAbleToSignUpSuccessFully" time="8.888"/>
</testsuite> <!-- com.naveenautomation.tests.NewsletterSubscribtionTest -->
