<?xml version="1.0" encoding="UTF-8"?>
<!-- Generated by org.testng.reporters.JUnitReportReporter -->
<testsuite hostname="sanil-Inspiron-5575" failures="0" tests="1" name="com.naveenautomation.tests.ChangePhoneNumberTest"
           time="9.367" errors="0" timestamp="28 Dec. 2022 11:16:34 GMT" skipped="0">
    <testcase classname="com.naveenautomation.tests.ChangePhoneNumberTest"
              name="VerifyUserIsAbleToUpdatePhoneNumberSuccessFully" time="9.367"/>
</testsuite> <!-- com.naveenautomation.tests.ChangePhoneNumberTest -->
